<?xml version="1.0" encoding="UTF-8"?>
<!-- Generated by org.testng.reporters.JUnitReportReporter -->
<testsuite hostname="DI2INPUN0526WNB" failures="0" tests="1" name="Ps2" time="0.006" errors="0" timestamp="2023-06-26T12:45:15 IST" skipped="0">
  <testcase classname="Ps2" name="getdata1" time="0.006"/>
  <system-out/>
</testsuite> <!-- Ps2 -->
